C:\Proyectos\ARIAKA.Tuniche.EnStock.Web\ARIAKA.Tuniche.EnStock.Web\Scripts\app\Categorias\index.js
C:\Proyectos\ARIAKA.Tuniche.EnStock.Web\ARIAKA.Tuniche.EnStock.Web\Scripts\app\Categorias\index.js.map
C:\Proyectos\ARIAKA.Tuniche.EnStock.Web\ARIAKA.Tuniche.EnStock.Web\Scripts\app\Home\index.js
C:\Proyectos\ARIAKA.Tuniche.EnStock.Web\ARIAKA.Tuniche.EnStock.Web\Scripts\app\Home\index.js.map
C:\Proyectos\ARIAKA.Tuniche.EnStock.Web\ARIAKA.Tuniche.EnStock.Web\Scripts\app\Inout\retorno.js
C:\Proyectos\ARIAKA.Tuniche.EnStock.Web\ARIAKA.Tuniche.EnStock.Web\Scripts\app\Inout\retorno.js.map
C:\Proyectos\ARIAKA.Tuniche.EnStock.Web\ARIAKA.Tuniche.EnStock.Web\Scripts\app\Inout\salidas.js
C:\Proyectos\ARIAKA.Tuniche.EnStock.Web\ARIAKA.Tuniche.EnStock.Web\Scripts\app\Inout\salidas.js.map
C:\Proyectos\ARIAKA.Tuniche.EnStock.Web\ARIAKA.Tuniche.EnStock.Web\Scripts\app\Inout\index.js
C:\Proyectos\ARIAKA.Tuniche.EnStock.Web\ARIAKA.Tuniche.EnStock.Web\Scripts\app\Inout\index.js.map
C:\Proyectos\ARIAKA.Tuniche.EnStock.Web\ARIAKA.Tuniche.EnStock.Web\Scripts\app\Inout\stock.js
C:\Proyectos\ARIAKA.Tuniche.EnStock.Web\ARIAKA.Tuniche.EnStock.Web\Scripts\app\Inout\stock.js.map
C:\Proyectos\ARIAKA.Tuniche.EnStock.Web\ARIAKA.Tuniche.EnStock.Web\Scripts\app\Usuarios\index.js
C:\Proyectos\ARIAKA.Tuniche.EnStock.Web\ARIAKA.Tuniche.EnStock.Web\Scripts\app\Usuarios\index.js.map
C:\Proyectos\ARIAKA.Tuniche.EnStock.Web\ARIAKA.Tuniche.EnStock.Web\Scripts\app\Categorias\index.js
C:\Proyectos\ARIAKA.Tuniche.EnStock.Web\ARIAKA.Tuniche.EnStock.Web\Scripts\app\Categorias\index.js.map
C:\Proyectos\ARIAKA.Tuniche.EnStock.Web\ARIAKA.Tuniche.EnStock.Web\Scripts\app\Home\index.js
C:\Proyectos\ARIAKA.Tuniche.EnStock.Web\ARIAKA.Tuniche.EnStock.Web\Scripts\app\Home\index.js.map
C:\Proyectos\ARIAKA.Tuniche.EnStock.Web\ARIAKA.Tuniche.EnStock.Web\Scripts\app\Inout\retorno.js
C:\Proyectos\ARIAKA.Tuniche.EnStock.Web\ARIAKA.Tuniche.EnStock.Web\Scripts\app\Inout\retorno.js.map
C:\Proyectos\ARIAKA.Tuniche.EnStock.Web\ARIAKA.Tuniche.EnStock.Web\Scripts\app\Inout\salidas.js
C:\Proyectos\ARIAKA.Tuniche.EnStock.Web\ARIAKA.Tuniche.EnStock.Web\Scripts\app\Inout\salidas.js.map
C:\Proyectos\ARIAKA.Tuniche.EnStock.Web\ARIAKA.Tuniche.EnStock.Web\Scripts\app\Inout\index.js
C:\Proyectos\ARIAKA.Tuniche.EnStock.Web\ARIAKA.Tuniche.EnStock.Web\Scripts\app\Inout\index.js.map
C:\Proyectos\ARIAKA.Tuniche.EnStock.Web\ARIAKA.Tuniche.EnStock.Web\Scripts\app\Inout\stock.js
C:\Proyectos\ARIAKA.Tuniche.EnStock.Web\ARIAKA.Tuniche.EnStock.Web\Scripts\app\Inout\stock.js.map
C:\Proyectos\ARIAKA.Tuniche.EnStock.Web\ARIAKA.Tuniche.EnStock.Web\Scripts\app\Usuarios\index.js
C:\Proyectos\ARIAKA.Tuniche.EnStock.Web\ARIAKA.Tuniche.EnStock.Web\Scripts\app\Usuarios\index.js.map
